<?xml version="1.0" encoding="UTF-8"?>
<!-- Generated by org.testng.reporters.JUnitReportReporter -->
<testsuite hostname="LAPTOP-H6MNQP0B" failures="0" tests="3" name="com.tests.TestCase1" time="0.024" errors="0" timestamp="2023-07-01T19:14:52 IST" skipped="0">
  <testcase classname="com.tests.TestCase1" name="test2" time="0.001"/>
  <system-out/>
  <testcase classname="com.tests.TestCase1" name="test1" time="0.022"/>
  <system-out/>
  <testcase classname="com.tests.TestCase1" name="test3" time="0.001"/>
  <system-out/>
</testsuite> <!-- com.tests.TestCase1 -->
